        -:    0:Source:C:/Users/razva/Desktop/OOP/lab2_7/lista.c
        -:    0:Graph:C:\Users\razva\Desktop\OOP\lab2_7\cmake-build-debug-coverage\CMakeFiles\lab2_7.dir\lista.c.gcno
        -:    0:Data:C:\Users\razva\Desktop\OOP\lab2_7\cmake-build-debug-coverage\CMakeFiles\lab2_7.dir\lista.c.gcda
        -:    0:Runs:1
        -:    1:#include "lista.h"
        -:    2:#include <string.h>
        -:    3:#include <stdlib.h>
        -:    4:
function createLista called 15 returned 100% blocks executed 100%
       15:    5:Lista createLista() {
        -:    6:    /*
        -:    7:     * Functie care creeaza o lista si o returneaza
        -:    8:     * postconditii: Lista
        -:    9:     */
        -:   10:    Lista lista;
       15:   11:    lista.len = 0;
       15:   12:    lista.capacitate = 2;
       15:   13:    lista.array = (cheltuiala*)malloc(sizeof(cheltuiala) * 2);
       15:   14:    return lista;
       15:   14-block  0
        -:   15:}
        -:   16:
function destroyLista called 14 returned 100% blocks executed 100%
       14:   17:void destroyLista(Lista* lista) {
        -:   18:    /*
        -:   19:     * Distruge o lista
        -:   20:     * preconditii - lista de tip Lista
        -:   21:     * postconditii -
        -:   22:     */
       41:   23:    for(int i=0; i<lista->len; i++) {
       14:   23-block  0
       41:   23-block  1
branch  0 taken 27
branch  1 taken 14 (fallthrough)
       27:   24:        destroyCheltuiala(&lista->array[i]);
       27:   24-block  0
call    0 returned 27
        -:   25:    }
       14:   26:    free(lista->array);
       14:   27:}
