        -:    0:Source:C:/Users/razva/Desktop/OOP/lab8_9/produs.h
        -:    0:Graph:C:\Users\razva\Desktop\OOP\lab8_9\cmake-build-debug-coverage\CMakeFiles\lab6.dir\repo.cpp.gcno
        -:    0:Data:C:\Users\razva\Desktop\OOP\lab8_9\cmake-build-debug-coverage\CMakeFiles\lab6.dir\repo.cpp.gcda
        -:    0:Runs:1
        -:    1:#ifndef LAB6_PRODUS_H
        -:    2:#define LAB6_PRODUS_H
        -:    3:
        -:    4:
        -:    5:#include <string>
        -:    6:#include <iostream>
        -:    7:#include <utility>
        -:    8:
        -:    9:using std::string;
        -:   10:
        -:   11:class Produs {
        -:   12:
        -:   13:private:
        -:   14:    string nume;
        -:   15:    string tip;
        -:   16:    double pret;
        -:   17:    string producator;
        -:   18:public:
        -:   19:
        -:   20:    double getPret() const;
        -:   21:    string getNume() const;
        -:   22:    string getTip() const;
        -:   23:    string getProducator() const;
        -:   24:
        -:   25:    void setPret(double newPret);
        -:   26:    void setNume(const string& newNume);
        -:   27:    void setTip(const string& newTip);
        -:   28:    void setProducator(const string& newProducator);
        -:   29:
        -:   30:    Produs();
function _ZN6ProdusC1ENSt7__cxx1112basic_stringIcSt11char_traitsIcESaIcEEES5_dS5_ called 42 returned 100% blocks executed 100%
       42:   31:    Produs(string nume, string tip, double pret, string producator) :nume{std::move(nume)}, tip{std::move(tip)}, pret{pret}, producator{std::move(producator)}{
       42:   31-block  0
call    0 returned 42
call    1 returned 42
call    2 returned 42
call    3 returned 42
call    4 returned 42
call    5 returned 42
       42:   32:    }
        -:   33:
function _ZN6ProdusC1ERKS_ called 172 returned 100% blocks executed 62%
      172:   34:    Produs(const Produs& p) : nume{p.nume}, tip{p.tip}, pret{p.pret}, producator{p.producator} {
      172:   34-block  0
call    0 returned 172
call    1 returned 172
branch  2 taken 172 (fallthrough)
branch  3 taken 0 (throw)
      172:   34-block  1
call    4 returned 172
branch  5 taken 172 (fallthrough)
branch  6 taken 0 (throw)
      172:   35:    }
      172:   35-block  0
    $$$$$:   35-block  1
call    0 never executed
    $$$$$:   35-block  2
call    1 never executed
        -:   36:};
        -:   37:
        -:   38:bool cmpNume(const Produs &p1, const Produs &p2);
        -:   39:bool cmpPret(const Produs &p1, const Produs &p2);
        -:   40:bool cmpNumeTip(const Produs &p1, const Produs &p2);
        -:   41:
        -:   42:#endif //LAB6_PRODUS_H
