        -:    0:Source:C:/Users/razva/Desktop/OOP/lab2_7/repo.c
        -:    0:Graph:C:\Users\razva\Desktop\OOP\lab2_7\cmake-build-debug-coverage\CMakeFiles\lab2_7.dir\repo.c.gcno
        -:    0:Data:C:\Users\razva\Desktop\OOP\lab2_7\cmake-build-debug-coverage\CMakeFiles\lab2_7.dir\repo.c.gcda
        -:    0:Runs:1
        -:    1:#include <string.h>
        -:    2:#include <stdio.h>
        -:    3:#include <stdlib.h>
        -:    4:#include <assert.h>
        -:    5:#include "cheltuieli.h"
        -:    6:#include "repo.h"
        -:    7:#include "lista.h"
        -:    8:
function adaugare called 29 returned 100% blocks executed 100%
       29:    9:void adaugare(cheltuiala c, Lista* l) {
        -:   10:    /*
        -:   11:     * Functie care adauga o cheltuiala in lista
        -:   12:     * preconditii: c de tip cheltuiala
        -:   13:     *              l de tip lista
        -:   14:     * postconditii: -
        -:   15:     */
       29:   16:    if(l->capacitate <= l->len + 1) {
       29:   16-block  0
branch  0 taken 9 (fallthrough)
branch  1 taken 20
        9:   17:        int capacitate = 2*l->capacitate;
        9:   18:        cheltuiala* array = (cheltuiala*)malloc(sizeof(cheltuiala) * capacitate);
       18:   19:        for(int i=0;i<l->len;i++) {
        9:   19-block  0
       18:   19-block  1
branch  0 taken 9
branch  1 taken 9 (fallthrough)
        9:   20:            array[i] = l->array[i];
        9:   20-block  0
        -:   21:        }
        9:   22:        free(l->array);
        9:   23:        l->array = array;
        9:   24:        l->capacitate = capacitate;
        9:   24-block  0
        -:   25:    }
       29:   26:    l->array[l->len] = c;
       29:   27:    l->len++;
       29:   28:}
        -:   29:
function stergere called 2 returned 100% blocks executed 100%
        2:   30:void stergere(int nr, Lista* l) {
        -:   31:    /*
        -:   32:     * Functie care sterge o cheltuiala din lista
        -:   33:     * preconditii: nr - de tip int > 0
        -:   34:     *              l - de tip Lista
        -:   35:     * postconditii: -
        -:   36:     */
        2:   37:    int ok=0;
        6:   38:    for(int i=0; i<l->len; i++) {
        2:   38-block  0
        4:   38-block  1
        6:   38-block  2
branch  0 taken 4
branch  1 taken 2 (fallthrough)
        4:   39:        if(l->array[i].nr == nr) {
        4:   39-block  0
branch  0 taken 2 (fallthrough)
branch  1 taken 2
        2:   40:            destroyCheltuiala(&l->array[i]);
        2:   40-block  0
call    0 returned 2
        2:   41:            ok=1;
        -:   42:        }
        4:   43:        if(ok==1 && i < l->len-1) {
        4:   43-block  0
branch  0 taken 4 (fallthrough)
branch  1 taken 0
        4:   43-block  1
branch  2 taken 2 (fallthrough)
branch  3 taken 2
        2:   44:            l->array[i]=l->array[i+1];
        2:   44-block  0
        -:   45:        }
        -:   46:    }
        2:   47:    if(ok==1) l->len--;
        2:   47-block  0
branch  0 taken 2 (fallthrough)
branch  1 taken 0
        2:   47-block  1
        2:   48:}
        -:   49:
function modificare called 2 returned 100% blocks executed 100%
        2:   50:void modificare(cheltuiala c, Lista* l) {
        -:   51:    /*
        -:   52:     * Functie care modifica o cheltuiala din lista
        -:   53:     * preconditii: c - de tip cheltuiala
        -:   54:     *              l - de tip Lista
        -:   55:     * postcondtii: -
        -:   56:     */
        4:   57:    for(int i=0;i<l->len;i++)
        2:   57-block  0
        2:   57-block  1
        4:   57-block  2
branch  0 taken 2
branch  1 taken 2 (fallthrough)
        -:   58:    {
        2:   59:        if(l->array[i].nr == c.nr)
        2:   59-block  0
branch  0 taken 2 (fallthrough)
branch  1 taken 0
        -:   60:        {
        2:   61:            l->array[i].suma = c.suma;
        2:   62:            strcpy(l->array[i].tip, c.tip);
        2:   62-block  0
        -:   63:        }
        -:   64:    }
        2:   65:}
        -:   66:
function filtrare_propr_nr called 1 returned 100% blocks executed 100%
        1:   67:Lista filtrare_propr_nr(Lista* lista, int nr) {
        -:   68:    /*
        -:   69:     * Functie de filtrare a listei dupa nr apt
        -:   70:     * preconditii - lista - de tip Lista
        -:   71:     *             - nr - de tip int
        -:   72:     * postconditii - noua lista filtrata
        -:   73:     */
        1:   74:    Lista new_lista = createLista();
        1:   74-block  0
call    0 returned 1
        -:   75:
        4:   76:    for(int i=0;i<lista->len;i++) {
        3:   76-block  0
        4:   76-block  1
branch  0 taken 3
branch  1 taken 1 (fallthrough)
        3:   77:        if(lista->array[i].nr == nr) {
        3:   77-block  0
branch  0 taken 2 (fallthrough)
branch  1 taken 1
        2:   78:            cheltuiala cheltuiala = createCheltuiala();
        2:   78-block  0
call    0 returned 2
        2:   79:            cheltuiala.nr = lista->array[i].nr;
        2:   80:            cheltuiala.suma = lista->array[i].suma;
        2:   81:            strcpy(cheltuiala.tip, lista->array[i].tip);
        2:   82:            adaugare(cheltuiala, &new_lista);
call    0 returned 2
        -:   83:        }
        -:   84:    }
        1:   85:    return new_lista;
        1:   85-block  0
        -:   86:}
        -:   87:
function filtrare_propr_suma called 1 returned 100% blocks executed 100%
        1:   88:Lista filtrare_propr_suma(Lista* lista, int suma) {
        -:   89:    /*
        -:   90:     * Functie de filtrare a listei dupa suma cheltuielii
        -:   91:     * preconditii - lista - de tip Lista
        -:   92:     *             - suma - de tip int
        -:   93:     * postconditii - noua lista filtrata
        -:   94:     */
        1:   95:    Lista new_lista = createLista();
        1:   95-block  0
call    0 returned 1
        -:   96:
        4:   97:    for(int i=0;i<lista->len;i++) {
        3:   97-block  0
        4:   97-block  1
branch  0 taken 3
branch  1 taken 1 (fallthrough)
        3:   98:        if(lista->array[i].suma == suma) {
        3:   98-block  0
branch  0 taken 2 (fallthrough)
branch  1 taken 1
        2:   99:            cheltuiala cheltuiala = createCheltuiala();
        2:   99-block  0
call    0 returned 2
        2:  100:            cheltuiala.nr = lista->array[i].nr;
        2:  101:            cheltuiala.suma = lista->array[i].suma;
        2:  102:            strcpy(cheltuiala.tip,  lista->array[i].tip);
        2:  103:            adaugare(cheltuiala, &new_lista);
call    0 returned 2
        -:  104:        }
        -:  105:    }
        1:  106:    return new_lista;
        1:  106-block  0
        -:  107:}
        -:  108:
function filtrare_propr_tip called 1 returned 100% blocks executed 100%
        1:  109:Lista filtrare_propr_tip(Lista* lista, char* tip) {
        -:  110:    /*
        -:  111:     * Functie de filtrare a listei dupa tipul cheltuielii
        -:  112:     * preconditii - lista - de tip Lista
        -:  113:     *             - tip - de tip char
        -:  114:     * postconditii - noua lista filtrata
        -:  115:     */
        1:  116:    Lista new_lista = createLista();
        1:  116-block  0
call    0 returned 1
        -:  117:
        4:  118:    for(int i=0;i<lista->len;i++) {
        3:  118-block  0
        4:  118-block  1
branch  0 taken 3
branch  1 taken 1 (fallthrough)
        3:  119:        if(strcmp(lista->array[i].tip, tip) == 0) {
        3:  119-block  0
branch  0 taken 2 (fallthrough)
branch  1 taken 1
        2:  120:            cheltuiala cheltuiala = createCheltuiala();
        2:  120-block  0
call    0 returned 2
        2:  121:            cheltuiala.nr = lista->array[i].nr;
        2:  122:            cheltuiala.suma = lista->array[i].suma;
        2:  123:            strcpy(cheltuiala.tip, lista->array[i].tip);
        2:  124:            adaugare(cheltuiala, &new_lista);
call    0 returned 2
        -:  125:        }
        -:  126:    }
        1:  127:    return new_lista;
        1:  127-block  0
        -:  128:}
        -:  129:
function compare called 23 returned 100% blocks executed 100%
       23:  130:int compare(cheltuiala a, cheltuiala b, int propr, int ord) {
        -:  131:    /*
        -:  132:     * Functie utilizata la sortare
        -:  133:     */
       23:  134:    if(propr == 1) {
       23:  134-block  0
branch  0 taken 10 (fallthrough)
branch  1 taken 13
       10:  135:        if(ord == 1 ) return a.suma > b.suma;
       10:  135-block  0
branch  0 taken 5 (fallthrough)
branch  1 taken 5
        5:  135-block  1
        5:  136:        return a.suma < b.suma;
        5:  136-block  0
        -:  137:    }
       13:  138:    if(propr == 0) {
       13:  138-block  0
branch  0 taken 12 (fallthrough)
branch  1 taken 1
       12:  139:        if(ord == 1) return strcmp(a.tip, b.tip) > 0;
       12:  139-block  0
branch  0 taken 5 (fallthrough)
branch  1 taken 7
        5:  139-block  1
        7:  140:        return strcmp(a.tip, b.tip) < 0;
        7:  140-block  0
        -:  141:    }
        1:  142:    return -1;
        1:  142-block  0
        -:  143:}
        -:  144:
function sortare called 4 returned 100% blocks executed 100%
        4:  145:Lista sortare(Lista lista, int propr, int ord) {
        -:  146:    /*
        -:  147:     * Sortarea listei dupa suma sau dupa tip
        -:  148:     * propr = 1 -> sortare dupa suma
        -:  149:     * propr = 0 -> sortare dupa tip
        -:  150:     * ord = 1 -> sortare crescatoare
        -:  151:     * ord = 0 -> sortare descrescatoare
        -:  152:     * preconditii - lista - de tip Lista
        -:  153:     *             - propr - de tip int
        -:  154:     *             - ord - de tip int
        -:  155:     * postconditii - lista sortata
        -:  156:     */
        4:  157:    int ok = 0;
       13:  158:    while(ok == 0) {
        4:  158-block  0
       13:  158-block  1
branch  0 taken 9
branch  1 taken 4 (fallthrough)
        9:  159:        ok = 1;
       27:  160:        for(int i=0;i<lista.len - 1;i++) {
        9:  160-block  0
       18:  160-block  1
       27:  160-block  2
branch  0 taken 18
branch  1 taken 9 (fallthrough)
       18:  161:            if(compare(lista.array[i], lista.array[i+1], propr, ord)) {
       18:  161-block  0
call    0 returned 18
branch  1 taken 6 (fallthrough)
branch  2 taken 12
        6:  162:                cheltuiala auxiliar = lista.array[i];
        6:  163:                lista.array[i] = lista.array[i+1];
        6:  164:                lista.array[i+1] = auxiliar;
        6:  165:                ok = 0;
        6:  165-block  0
        -:  166:            }
        -:  167:        }
        -:  168:    }
        4:  169:    return lista;
        4:  169-block  0
        -:  170:}
        -:  171:
function sort_cresc called 10 returned 100% blocks executed 100%
       10:  172:int sort_cresc(cheltuiala cheltuialaA, cheltuiala cheltuialaB) {
       10:  173:    if(cheltuialaA.suma == cheltuialaB.suma){
       10:  173-block  0
branch  0 taken 5 (fallthrough)
branch  1 taken 5
        5:  174:        return strcmp(cheltuialaA.tip, cheltuialaB.tip) > 0;
        5:  174-block  0
        -:  175:    }
        5:  176:    return cheltuialaA.suma > cheltuialaB.suma;
        5:  176-block  0
        -:  177:}
function sort_descresc called 12 returned 100% blocks executed 100%
       12:  178:int sort_descresc(cheltuiala cheltuialaA, cheltuiala cheltuialaB) {
       12:  179:    if(cheltuialaA.suma == cheltuialaB.suma){
       12:  179-block  0
branch  0 taken 4 (fallthrough)
branch  1 taken 8
        4:  180:        return strcmp(cheltuialaA.tip, cheltuialaB.tip) < 0;
        4:  180-block  0
        -:  181:    }
        8:  182:    return cheltuialaA.suma < cheltuialaB.suma;
        8:  182-block  0
        -:  183:}
        -:  184:
function sortare2 called 4 returned 100% blocks executed 100%
        4:  185:Lista sortare2(Lista lista, int (*compare)()) {
        -:  186:    /*
        -:  187:     * Sortarea listei dupa suma sau dupa tip
        -:  188:     * propr = 1 -> sortare dupa suma
        -:  189:     * propr = 0 -> sortare dupa tip
        -:  190:     * ord = 1 -> sortare crescatoare
        -:  191:     * ord = 0 -> sortare descrescatoare
        -:  192:     * preconditii - lista - de tip Lista
        -:  193:     *             - propr - de tip int
        -:  194:     *             - ord - de tip int
        -:  195:     * postconditii - lista sortata
        -:  196:     */
        4:  197:    int ok = 0;
       15:  198:    while(ok == 0) {
        4:  198-block  0
       15:  198-block  1
branch  0 taken 11
branch  1 taken 4 (fallthrough)
       11:  199:        ok = 1;
       33:  200:        for(int i=0;i<lista.len - 1;i++) {
       11:  200-block  0
       22:  200-block  1
       33:  200-block  2
branch  0 taken 22
branch  1 taken 11 (fallthrough)
       22:  201:            if(compare(lista.array[i], lista.array[i+1])) {
       22:  201-block  0
call    0 returned 22
branch  1 taken 10 (fallthrough)
branch  2 taken 12
       10:  202:                cheltuiala auxiliar = lista.array[i];
       10:  203:                lista.array[i] = lista.array[i+1];
       10:  204:                lista.array[i+1] = auxiliar;
       10:  205:                ok = 0;
       10:  205-block  0
        -:  206:            }
        -:  207:        }
        -:  208:    }
        4:  209:    return lista;
        4:  209-block  0
        -:  210:}
        -:  211:
        -:  212:// TESTE
        -:  213:
function test_adaugare called 1 returned 100% blocks executed 75%
        1:  214:void test_adaugare() {
        1:  215:    Lista lista_ad = createLista();
        1:  215-block  0
call    0 returned 1
        1:  216:    cheltuiala c = createCheltuiala();
call    0 returned 1
        1:  217:    c.nr = 250;
        1:  218:    c.suma = 300;
        1:  219:    strcpy(c.tip, "curent");
        -:  220:
       1*:  221:    assert(lista_ad.len == 0);
branch  0 taken 0 (fallthrough)
branch  1 taken 1
    %%%%%:  221-block  0
call    2 never executed
        1:  221-block  1
        1:  222:    adaugare(c, &lista_ad);
        1:  222-block  0
call    0 returned 1
       1*:  223:    assert(lista_ad.len == 1);
branch  0 taken 0 (fallthrough)
branch  1 taken 1
    %%%%%:  223-block  0
call    2 never executed
        1:  223-block  1
       1*:  224:    assert(lista_ad.array[0].nr == 250);
        1:  224-block  0
branch  0 taken 0 (fallthrough)
branch  1 taken 1
    %%%%%:  224-block  1
call    2 never executed
        1:  224-block  2
       1*:  225:    assert(lista_ad.array[0].suma == 300);
        1:  225-block  0
branch  0 taken 0 (fallthrough)
branch  1 taken 1
    %%%%%:  225-block  1
call    2 never executed
        1:  225-block  2
       1*:  226:    assert(strcmp(lista_ad.array[0].tip, "curent") == 0);
        1:  226-block  0
branch  0 taken 0 (fallthrough)
branch  1 taken 1
    %%%%%:  226-block  1
call    2 never executed
        1:  226-block  2
        1:  227:    destroyLista(&lista_ad);
        1:  227-block  0
call    0 returned 1
        1:  228:}
        -:  229:
function test_stergere called 1 returned 100% blocks executed 83%
        1:  230:void test_stergere() {
        1:  231:    Lista lista_st = createLista();
        1:  231-block  0
call    0 returned 1
        1:  232:    cheltuiala c1 = createCheltuiala();
call    0 returned 1
        1:  233:    c1.nr = 250;
        1:  234:    c1.suma = 300;
        1:  235:    strcpy(c1.tip, "curent");
        -:  236:
        1:  237:    cheltuiala c2 = createCheltuiala();
call    0 returned 1
        1:  238:    c2.nr = 130;
        1:  239:    c2.suma = 100;
        1:  240:    strcpy(c2.tip, "apa");
        -:  241:
        1:  242:    cheltuiala c3 = createCheltuiala();
call    0 returned 1
        1:  243:    c3.nr = 150;
        1:  244:    c3.suma = 300;
        1:  245:    strcpy(c3.tip, "caldura");
        -:  246:
       1*:  247:    assert(lista_st.len == 0);
branch  0 taken 0 (fallthrough)
branch  1 taken 1
    %%%%%:  247-block  0
call    2 never executed
        1:  247-block  1
        1:  248:    adaugare(c1, &lista_st);
        1:  248-block  0
call    0 returned 1
        1:  249:    adaugare(c2, &lista_st);
call    0 returned 1
        1:  250:    adaugare(c3, &lista_st);
call    0 returned 1
       1*:  251:    assert(lista_st.len == 3);
branch  0 taken 0 (fallthrough)
branch  1 taken 1
    %%%%%:  251-block  0
call    2 never executed
        1:  251-block  1
        1:  252:    stergere(250, &lista_st);
        1:  252-block  0
call    0 returned 1
       1*:  253:    assert(lista_st.len == 2);
branch  0 taken 0 (fallthrough)
branch  1 taken 1
    %%%%%:  253-block  0
call    2 never executed
        1:  253-block  1
        1:  254:}
        -:  255:
function test_modificare called 1 returned 100% blocks executed 80%
        1:  256:void test_modificare() {
        1:  257:    Lista lista_modif = createLista();
        1:  257-block  0
call    0 returned 1
        1:  258:    cheltuiala c1 = createCheltuiala();
call    0 returned 1
        1:  259:    c1.nr = 250;
        1:  260:    c1.suma = 300;
        1:  261:    strcpy(c1.tip,  "curent");
        -:  262:
        1:  263:    cheltuiala c2 = createCheltuiala();
call    0 returned 1
        1:  264:    c2.nr = 250;
        1:  265:    c2.suma = 100;
        1:  266:    strcpy(c2.tip, "apa");
        -:  267:
       1*:  268:    assert(lista_modif.len == 0);
branch  0 taken 0 (fallthrough)
branch  1 taken 1
    %%%%%:  268-block  0
call    2 never executed
        1:  268-block  1
        1:  269:    adaugare(c1, &lista_modif);
        1:  269-block  0
call    0 returned 1
       1*:  270:    assert(lista_modif.len == 1);
branch  0 taken 0 (fallthrough)
branch  1 taken 1
    %%%%%:  270-block  0
call    2 never executed
        1:  270-block  1
        1:  271:    modificare(c2, &lista_modif);
        1:  271-block  0
call    0 returned 1
       1*:  272:    assert(lista_modif.len == 1);
branch  0 taken 0 (fallthrough)
branch  1 taken 1
    %%%%%:  272-block  0
call    2 never executed
        1:  272-block  1
       1*:  273:    assert(lista_modif.array[0].nr == 250 && lista_modif.array[0].suma == 100 && strcmp(lista_modif.array[0].tip, "apa") == 0);
        1:  273-block  0
branch  0 taken 1 (fallthrough)
branch  1 taken 0
        1:  273-block  1
branch  2 taken 1 (fallthrough)
branch  3 taken 0
        1:  273-block  2
branch  4 taken 0 (fallthrough)
branch  5 taken 1
    %%%%%:  273-block  3
call    6 never executed
        1:  273-block  4
        1:  274:}
        -:  275:
function test_filtrare_propr_nr called 1 returned 100% blocks executed 83%
        1:  276:void test_filtrare_propr_nr() {
        1:  277:    Lista lista = createLista();
        1:  277-block  0
call    0 returned 1
        1:  278:    cheltuiala c1 = createCheltuiala();
call    0 returned 1
        1:  279:    c1.nr = 250;
        1:  280:    c1.suma = 300;
        1:  281:    strcpy(c1.tip,"curent");
        -:  282:
        1:  283:    cheltuiala c2 = createCheltuiala();
call    0 returned 1
        1:  284:    c2.nr = 150;
        1:  285:    c2.suma = 100;
        1:  286:    strcpy(c2.tip,  "apa");
        -:  287:
        1:  288:    cheltuiala c3 = createCheltuiala();
call    0 returned 1
        1:  289:    c3.nr = 150;
        1:  290:    c3.suma = 300;
        1:  291:    strcpy(c3.tip, "caldura");
        1:  292:    adaugare(c1, &lista);
call    0 returned 1
        1:  293:    adaugare(c2, &lista);
call    0 returned 1
        1:  294:    adaugare(c3, &lista);
call    0 returned 1
        -:  295:
        1:  296:    Lista new_lista = filtrare_propr_nr(&lista, 150);
call    0 returned 1
       1*:  297:    assert(new_lista.array[0].suma == 100);
branch  0 taken 0 (fallthrough)
branch  1 taken 1
    %%%%%:  297-block  0
call    2 never executed
        1:  297-block  1
       1*:  298:    assert(strcmp(new_lista.array[0].tip, "apa") == 0);
        1:  298-block  0
branch  0 taken 0 (fallthrough)
branch  1 taken 1
    %%%%%:  298-block  1
call    2 never executed
        1:  298-block  2
       1*:  299:    assert(new_lista.array[1].suma == 300);
        1:  299-block  0
branch  0 taken 0 (fallthrough)
branch  1 taken 1
    %%%%%:  299-block  1
call    2 never executed
        1:  299-block  2
       1*:  300:    assert(strcmp(new_lista.array[1].tip, "caldura") == 0);
        1:  300-block  0
branch  0 taken 0 (fallthrough)
branch  1 taken 1
    %%%%%:  300-block  1
call    2 never executed
        1:  300-block  2
        1:  301:    destroyLista(&new_lista);
        1:  301-block  0
call    0 returned 1
        1:  302:    destroyLista(&lista);
call    0 returned 1
        1:  303:}
        -:  304:
function test_filtrare_propr_suma called 1 returned 100% blocks executed 83%
        1:  305:void test_filtrare_propr_suma() {
        1:  306:    Lista lista = createLista();
        1:  306-block  0
call    0 returned 1
        1:  307:    cheltuiala c1 = createCheltuiala();
call    0 returned 1
        1:  308:    c1.nr = 250;
        1:  309:    c1.suma = 300;
        1:  310:    strcpy(c1.tip, "curent");
        -:  311:
        1:  312:    cheltuiala c2 = createCheltuiala();
call    0 returned 1
        1:  313:    c2.nr = 150;
        1:  314:    c2.suma = 100;
        1:  315:    strcpy(c2.tip,  "apa");
        -:  316:
        1:  317:    cheltuiala c3 = createCheltuiala();
call    0 returned 1
        1:  318:    c3.nr = 150;
        1:  319:    c3.suma = 300;
        1:  320:    strcpy(c3.tip, "caldura");
        1:  321:    adaugare(c1, &lista);
call    0 returned 1
        1:  322:    adaugare(c2, &lista);
call    0 returned 1
        1:  323:    adaugare(c3, &lista);
call    0 returned 1
        -:  324:
        1:  325:    Lista new_lista = filtrare_propr_suma(&lista, 300);
call    0 returned 1
       1*:  326:    assert(new_lista.array[0].nr == 250);
branch  0 taken 0 (fallthrough)
branch  1 taken 1
    %%%%%:  326-block  0
call    2 never executed
        1:  326-block  1
       1*:  327:    assert(strcmp(new_lista.array[0].tip, "curent") == 0);
        1:  327-block  0
branch  0 taken 0 (fallthrough)
branch  1 taken 1
    %%%%%:  327-block  1
call    2 never executed
        1:  327-block  2
       1*:  328:    assert(new_lista.array[1].nr == 150);
        1:  328-block  0
branch  0 taken 0 (fallthrough)
branch  1 taken 1
    %%%%%:  328-block  1
call    2 never executed
        1:  328-block  2
       1*:  329:    assert(strcmp(new_lista.array[1].tip, "caldura") == 0);
        1:  329-block  0
branch  0 taken 0 (fallthrough)
branch  1 taken 1
    %%%%%:  329-block  1
call    2 never executed
        1:  329-block  2
        1:  330:    destroyLista(&new_lista);
        1:  330-block  0
call    0 returned 1
        1:  331:    destroyLista(&lista);
call    0 returned 1
        1:  332:}
        -:  333:
function test_filtrare_propr_tip called 1 returned 100% blocks executed 83%
        1:  334:void test_filtrare_propr_tip() {
        1:  335:    Lista lista = createLista();
        1:  335-block  0
call    0 returned 1
        1:  336:    cheltuiala c1 = createCheltuiala();
call    0 returned 1
        1:  337:    c1.nr = 250;
        1:  338:    c1.suma = 300;
        1:  339:    strcpy(c1.tip, "apa");
        -:  340:
        1:  341:    cheltuiala c2 = createCheltuiala();
call    0 returned 1
        1:  342:    c2.nr = 150;
        1:  343:    c2.suma = 100;
        1:  344:    strcpy(c2.tip, "apa");
        -:  345:
        1:  346:    cheltuiala c3 = createCheltuiala();
call    0 returned 1
        1:  347:    c3.nr = 150;
        1:  348:    c3.suma = 300;
        1:  349:    strcpy(c3.tip, "caldura");
        1:  350:    adaugare(c1, &lista);
call    0 returned 1
        1:  351:    adaugare(c2, &lista);
call    0 returned 1
        1:  352:    adaugare(c3, &lista);
call    0 returned 1
        -:  353:
        1:  354:    Lista new_lista = filtrare_propr_tip(&lista, "apa");
call    0 returned 1
       1*:  355:    assert(new_lista.array[0].nr == 250);
branch  0 taken 0 (fallthrough)
branch  1 taken 1
    %%%%%:  355-block  0
call    2 never executed
        1:  355-block  1
       1*:  356:    assert(new_lista.array[0].suma == 300);
        1:  356-block  0
branch  0 taken 0 (fallthrough)
branch  1 taken 1
    %%%%%:  356-block  1
call    2 never executed
        1:  356-block  2
       1*:  357:    assert(new_lista.array[1].nr == 150);
        1:  357-block  0
branch  0 taken 0 (fallthrough)
branch  1 taken 1
    %%%%%:  357-block  1
call    2 never executed
        1:  357-block  2
       1*:  358:    assert(new_lista.array[1].suma == 100);
        1:  358-block  0
branch  0 taken 0 (fallthrough)
branch  1 taken 1
    %%%%%:  358-block  1
call    2 never executed
        1:  358-block  2
        1:  359:    destroyLista(&new_lista);
        1:  359-block  0
call    0 returned 1
        1:  360:    destroyLista(&lista);
call    0 returned 1
        1:  361:}
        -:  362:
function test_sortare called 1 returned 100% blocks executed 76%
        1:  363:void test_sortare() {
        1:  364:    Lista lista = createLista();
        1:  364-block  0
call    0 returned 1
        1:  365:    cheltuiala c1 = createCheltuiala();
call    0 returned 1
        1:  366:    c1.nr = 250;
        1:  367:    c1.suma = 300;
        1:  368:    strcpy(c1.tip, "apa");
        -:  369:
        1:  370:    cheltuiala c2 = createCheltuiala();
call    0 returned 1
        1:  371:    c2.nr = 150;
        1:  372:    c2.suma = 100;
        1:  373:    strcpy(c2.tip,  "apa");
        -:  374:
        1:  375:    cheltuiala c3 = createCheltuiala();
call    0 returned 1
        1:  376:    c3.nr = 150;
        1:  377:    c3.suma = 300;
        1:  378:    strcpy(c3.tip, "caldura");
        1:  379:    adaugare(c1, &lista);
call    0 returned 1
        1:  380:    adaugare(c2, &lista);
call    0 returned 1
        1:  381:    adaugare(c3, &lista);
call    0 returned 1
        -:  382:
        1:  383:    sortare(lista, 1, 1);
call    0 returned 1
       1*:  384:    assert(lista.array[0].suma == 100);
branch  0 taken 0 (fallthrough)
branch  1 taken 1
    %%%%%:  384-block  0
call    2 never executed
        1:  384-block  1
       1*:  385:    assert(lista.array[1].suma == 300);
        1:  385-block  0
branch  0 taken 0 (fallthrough)
branch  1 taken 1
    %%%%%:  385-block  1
call    2 never executed
        1:  385-block  2
       1*:  386:    assert(lista.array[2].suma == 300);
        1:  386-block  0
branch  0 taken 0 (fallthrough)
branch  1 taken 1
    %%%%%:  386-block  1
call    2 never executed
        1:  386-block  2
        -:  387:
        1:  388:    sortare(lista, 1, 0);
        1:  388-block  0
call    0 returned 1
       1*:  389:    assert(lista.array[0].suma == 300);
branch  0 taken 0 (fallthrough)
branch  1 taken 1
    %%%%%:  389-block  0
call    2 never executed
        1:  389-block  1
       1*:  390:    assert(lista.array[1].suma == 300);
        1:  390-block  0
branch  0 taken 0 (fallthrough)
branch  1 taken 1
    %%%%%:  390-block  1
call    2 never executed
        1:  390-block  2
       1*:  391:    assert(lista.array[2].suma == 100);
        1:  391-block  0
branch  0 taken 0 (fallthrough)
branch  1 taken 1
    %%%%%:  391-block  1
call    2 never executed
        1:  391-block  2
        -:  392:
        1:  393:    sortare(lista, 0, 1);
        1:  393-block  0
call    0 returned 1
       1*:  394:    assert(strcmp(lista.array[0].tip, "apa") == 0);
branch  0 taken 0 (fallthrough)
branch  1 taken 1
    %%%%%:  394-block  0
call    2 never executed
        1:  394-block  1
       1*:  395:    assert(strcmp(lista.array[1].tip, "apa") == 0);
        1:  395-block  0
branch  0 taken 0 (fallthrough)
branch  1 taken 1
    %%%%%:  395-block  1
call    2 never executed
        1:  395-block  2
       1*:  396:    assert(strcmp(lista.array[2].tip, "caldura") == 0);
        1:  396-block  0
branch  0 taken 0 (fallthrough)
branch  1 taken 1
    %%%%%:  396-block  1
call    2 never executed
        1:  396-block  2
        -:  397:
        1:  398:    sortare(lista, 0, 0);
        1:  398-block  0
call    0 returned 1
       1*:  399:    assert(strcmp(lista.array[0].tip, "caldura") == 0);
branch  0 taken 0 (fallthrough)
branch  1 taken 1
    %%%%%:  399-block  0
call    2 never executed
        1:  399-block  1
       1*:  400:    assert(strcmp(lista.array[1].tip, "apa") == 0);
        1:  400-block  0
branch  0 taken 0 (fallthrough)
branch  1 taken 1
    %%%%%:  400-block  1
call    2 never executed
        1:  400-block  2
       1*:  401:    assert(strcmp(lista.array[2].tip, "apa") == 0);
        1:  401-block  0
branch  0 taken 0 (fallthrough)
branch  1 taken 1
    %%%%%:  401-block  1
call    2 never executed
        1:  401-block  2
        1:  402:    destroyLista(&lista);
        1:  402-block  0
call    0 returned 1
        1:  403:}
        -:  404:
function test_sortare2 called 1 returned 100% blocks executed 76%
        1:  405:void test_sortare2() {
        1:  406:    Lista lista = createLista();
        1:  406-block  0
call    0 returned 1
        1:  407:    cheltuiala c1 = createCheltuiala();
call    0 returned 1
        1:  408:    c1.nr = 250;
        1:  409:    c1.suma = 300;
        1:  410:    strcpy(c1.tip, "apa");
        -:  411:
        1:  412:    cheltuiala c2 = createCheltuiala();
call    0 returned 1
        1:  413:    c2.nr = 150;
        1:  414:    c2.suma = 100;
        1:  415:    strcpy(c2.tip,  "apa");
        -:  416:
        1:  417:    cheltuiala c3 = createCheltuiala();
call    0 returned 1
        1:  418:    c3.nr = 150;
        1:  419:    c3.suma = 300;
        1:  420:    strcpy(c3.tip, "caldura");
        1:  421:    adaugare(c1, &lista);
call    0 returned 1
        1:  422:    adaugare(c2, &lista);
call    0 returned 1
        1:  423:    adaugare(c3, &lista);
call    0 returned 1
        -:  424:
        1:  425:    sortare2(lista, sort_cresc);
call    0 returned 1
       1*:  426:    assert(lista.array[0].suma == 100);
branch  0 taken 0 (fallthrough)
branch  1 taken 1
    %%%%%:  426-block  0
call    2 never executed
        1:  426-block  1
       1*:  427:    assert(lista.array[1].suma == 300);
        1:  427-block  0
branch  0 taken 0 (fallthrough)
branch  1 taken 1
    %%%%%:  427-block  1
call    2 never executed
        1:  427-block  2
       1*:  428:    assert(lista.array[2].suma == 300);
        1:  428-block  0
branch  0 taken 0 (fallthrough)
branch  1 taken 1
    %%%%%:  428-block  1
call    2 never executed
        1:  428-block  2
        -:  429:
        1:  430:    sortare2(lista, sort_descresc);
        1:  430-block  0
call    0 returned 1
       1*:  431:    assert(lista.array[0].suma == 300);
branch  0 taken 0 (fallthrough)
branch  1 taken 1
    %%%%%:  431-block  0
call    2 never executed
        1:  431-block  1
       1*:  432:    assert(lista.array[1].suma == 300);
        1:  432-block  0
branch  0 taken 0 (fallthrough)
branch  1 taken 1
    %%%%%:  432-block  1
call    2 never executed
        1:  432-block  2
       1*:  433:    assert(lista.array[2].suma == 100);
        1:  433-block  0
branch  0 taken 0 (fallthrough)
branch  1 taken 1
    %%%%%:  433-block  1
call    2 never executed
        1:  433-block  2
        -:  434:
        1:  435:    sortare2(lista, sort_cresc);
        1:  435-block  0
call    0 returned 1
       1*:  436:    assert(strcmp(lista.array[0].tip, "apa") == 0);
branch  0 taken 0 (fallthrough)
branch  1 taken 1
    %%%%%:  436-block  0
call    2 never executed
        1:  436-block  1
       1*:  437:    assert(strcmp(lista.array[1].tip, "apa") == 0);
        1:  437-block  0
branch  0 taken 0 (fallthrough)
branch  1 taken 1
    %%%%%:  437-block  1
call    2 never executed
        1:  437-block  2
       1*:  438:    assert(strcmp(lista.array[2].tip, "caldura") == 0);
        1:  438-block  0
branch  0 taken 0 (fallthrough)
branch  1 taken 1
    %%%%%:  438-block  1
call    2 never executed
        1:  438-block  2
        -:  439:
        1:  440:    sortare2(lista, sort_descresc);
        1:  440-block  0
call    0 returned 1
       1*:  441:    assert(strcmp(lista.array[0].tip, "caldura") == 0);
branch  0 taken 0 (fallthrough)
branch  1 taken 1
    %%%%%:  441-block  0
call    2 never executed
        1:  441-block  1
       1*:  442:    assert(strcmp(lista.array[1].tip, "apa") == 0);
        1:  442-block  0
branch  0 taken 0 (fallthrough)
branch  1 taken 1
    %%%%%:  442-block  1
call    2 never executed
        1:  442-block  2
       1*:  443:    assert(strcmp(lista.array[2].tip, "apa") == 0);
        1:  443-block  0
branch  0 taken 0 (fallthrough)
branch  1 taken 1
    %%%%%:  443-block  1
call    2 never executed
        1:  443-block  2
        1:  444:    destroyLista(&lista);
        1:  444-block  0
call    0 returned 1
        1:  445:}
        -:  446:
function test_compare called 1 returned 100% blocks executed 80%
        1:  447:void test_compare() {
        1:  448:    cheltuiala c1 = createCheltuiala();
        1:  448-block  0
call    0 returned 1
        1:  449:    cheltuiala c2 = createCheltuiala();
call    0 returned 1
        1:  450:    c1.suma = 100;
        1:  451:    c2.suma = 150;
        1:  452:    strcpy(c1.tip,  "apa");
        1:  453:    strcpy(c2.tip,  "caldura");
        -:  454:
       1*:  455:    assert(compare(c1, c2, 1, 1) == 0);
call    0 returned 1
branch  1 taken 0 (fallthrough)
branch  2 taken 1
    %%%%%:  455-block  0
call    3 never executed
        1:  455-block  1
       1*:  456:    assert(compare(c1, c2, 1, 0) == 1);
        1:  456-block  0
call    0 returned 1
branch  1 taken 0 (fallthrough)
branch  2 taken 1
    %%%%%:  456-block  1
call    3 never executed
        1:  456-block  2
       1*:  457:    assert(compare(c1, c2, 0, 1) == 0);
        1:  457-block  0
call    0 returned 1
branch  1 taken 0 (fallthrough)
branch  2 taken 1
    %%%%%:  457-block  1
call    3 never executed
        1:  457-block  2
       1*:  458:    assert(compare(c1, c2, 0, 0) == 1);
        1:  458-block  0
call    0 returned 1
branch  1 taken 0 (fallthrough)
branch  2 taken 1
    %%%%%:  458-block  1
call    3 never executed
        1:  458-block  2
       1*:  459:    assert(compare(c1, c2, 100, 1) == -1);
        1:  459-block  0
call    0 returned 1
branch  1 taken 0 (fallthrough)
branch  2 taken 1
    %%%%%:  459-block  1
call    3 never executed
        1:  459-block  2
        -:  460:
        1:  461:    destroyCheltuiala(&c1);
        1:  461-block  0
call    0 returned 1
        1:  462:    destroyCheltuiala(&c2);
call    0 returned 1
        1:  463:}
