        -:    0:Source:C:/Users/razva/Desktop/OOP/lab2_7/service.c
        -:    0:Graph:C:\Users\razva\Desktop\OOP\lab2_7\cmake-build-debug-coverage\CMakeFiles\lab2_7.dir\service.c.gcno
        -:    0:Data:C:\Users\razva\Desktop\OOP\lab2_7\cmake-build-debug-coverage\CMakeFiles\lab2_7.dir\service.c.gcda
        -:    0:Runs:1
        -:    1:#include <stdlib.h>
        -:    2:#include <stdio.h>
        -:    3:#include <string.h>
        -:    4:#include <assert.h>
        -:    5:#include "service.h"
        -:    6:#include "lista.h"
        -:    7:#include "cheltuieli.h"
        -:    8:#include "repo.h"
        -:    9:#include "valid.h"
        -:   10:
        -:   11:/*
        -:   12: * Functie ce valideaza o cheltuiala si o adauga in lista o cheltuieli
        -:   13: */
function srv_adaugare called 4 returned 100% blocks executed 100%
        4:   14:int srv_adaugare(Lista* lista, cheltuiala cheltuiala) {
        4:   15:    if(validare_cheltuiala(cheltuiala) == 1) {
        4:   15-block  0
call    0 returned 4
branch  1 taken 3 (fallthrough)
branch  2 taken 1
        3:   16:        adaugare(cheltuiala, lista);
        3:   16-block  0
call    0 returned 3
        3:   17:        return 1;
        -:   18:    }
        1:   19:    else return 0;
        1:   19-block  0
        -:   20:}
        -:   21:
        -:   22:/*
        -:   23: * Functie ce sterge din lista o cheltuiala
        -:   24: */
function srv_stergere called 1 returned 100% blocks executed 100%
        1:   25:int srv_stergere(Lista* lista, int nr) {
        1:   26:    stergere(nr, lista);
        1:   26-block  0
call    0 returned 1
        1:   27:    return 1;
        -:   28:}
        -:   29:
        -:   30:/*
        -:   31: * Functie ce modifica o cheltuiala si o valideaza
        -:   32: */
function srv_modificare called 2 returned 100% blocks executed 100%
        2:   33:int srv_modificare(Lista* lista, cheltuiala cheltuiala) {
        2:   34:    if(validare_cheltuiala(cheltuiala) == 1) {
        2:   34-block  0
call    0 returned 2
branch  1 taken 1 (fallthrough)
branch  2 taken 1
        1:   35:        modificare(cheltuiala, lista);
        1:   35-block  0
call    0 returned 1
        1:   36:        return 1;
        -:   37:    }
        1:   38:    return 0;
        1:   38-block  0
        -:   39:}
        -:   40:
        -:   41:// TESTE
        -:   42:
function test_srv_adaugare called 1 returned 100% blocks executed 79%
        1:   43:void test_srv_adaugare() {
        -:   44:    Lista lista_ad;
        1:   45:    lista_ad.len = 0;
        1:   46:    cheltuiala c = createCheltuiala();
        1:   46-block  0
call    0 returned 1
        1:   47:    c.nr = 250;
        1:   48:    c.suma = 300;
        1:   49:    strcpy(c.tip, "incalzire");
        -:   50:
       1*:   51:    assert(lista_ad.len == 0);
branch  0 taken 0 (fallthrough)
branch  1 taken 1
    %%%%%:   51-block  0
call    2 never executed
        1:   51-block  1
        1:   52:    srv_adaugare(&lista_ad, c);
        1:   52-block  0
call    0 returned 1
       1*:   53:    assert(lista_ad.len == 1);
branch  0 taken 0 (fallthrough)
branch  1 taken 1
    %%%%%:   53-block  0
call    2 never executed
        1:   53-block  1
        1:   54:    cheltuiala c1 = createCheltuiala();
        1:   54-block  0
call    0 returned 1
        1:   55:    c1.nr = 30;
        1:   56:    c1.suma = -100;
        1:   57:    strcpy(c1.tip, "apa");
       1*:   58:    assert(srv_adaugare(&lista_ad, c1) == 0);
call    0 returned 1
branch  1 taken 0 (fallthrough)
branch  2 taken 1
    %%%%%:   58-block  0
call    3 never executed
        1:   58-block  1
        1:   59:}
        -:   60:
function test_srv_stergere called 1 returned 100% blocks executed 77%
        1:   61:void test_srv_stergere() {
        -:   62:    Lista lista_st;
        1:   63:    lista_st.len = 0;
        1:   64:    cheltuiala c = createCheltuiala();
        1:   64-block  0
call    0 returned 1
        1:   65:    c.nr = 250;
        1:   66:    c.suma = 300;
        1:   67:    strcpy(c.tip, "incalzire");
        -:   68:
       1*:   69:    assert(lista_st.len == 0);
branch  0 taken 0 (fallthrough)
branch  1 taken 1
    %%%%%:   69-block  0
call    2 never executed
        1:   69-block  1
        1:   70:    srv_adaugare(&lista_st, c);
        1:   70-block  0
call    0 returned 1
       1*:   71:    assert(lista_st.len == 1);
branch  0 taken 0 (fallthrough)
branch  1 taken 1
    %%%%%:   71-block  0
call    2 never executed
        1:   71-block  1
        1:   72:    srv_stergere(&lista_st, 250);
        1:   72-block  0
call    0 returned 1
       1*:   73:    assert(lista_st.len == 0);
branch  0 taken 0 (fallthrough)
branch  1 taken 1
    %%%%%:   73-block  0
call    2 never executed
        1:   73-block  1
        1:   74:}
        -:   75:
function test_srv_modificare called 1 returned 100% blocks executed 79%
        1:   76:void test_srv_modificare() {
        -:   77:    Lista lista_mod;
        1:   78:    lista_mod.len = 0;
        1:   79:    cheltuiala c = createCheltuiala();
        1:   79-block  0
call    0 returned 1
        1:   80:    c.nr = 250;
        1:   81:    c.suma = 300;
        1:   82:    strcpy(c.tip, "incalzire");
        -:   83:
        1:   84:    cheltuiala c1 = createCheltuiala();
call    0 returned 1
        1:   85:    c1.nr = 250;
        1:   86:    c1.suma = 400;
        1:   87:    strcpy(c1.tip, "apa");
        -:   88:
        1:   89:    cheltuiala c2 = createCheltuiala();
call    0 returned 1
        1:   90:    c2.nr = 250;
        1:   91:    c2.suma = -100;
        1:   92:    strcpy(c2.tip, "apa");
        -:   93:
       1*:   94:    assert(lista_mod.len == 0);
branch  0 taken 0 (fallthrough)
branch  1 taken 1
    %%%%%:   94-block  0
call    2 never executed
        1:   94-block  1
        1:   95:    srv_adaugare(&lista_mod, c);
        1:   95-block  0
call    0 returned 1
       1*:   96:    assert(lista_mod.len == 1);
branch  0 taken 0 (fallthrough)
branch  1 taken 1
    %%%%%:   96-block  0
call    2 never executed
        1:   96-block  1
        1:   97:    srv_modificare(&lista_mod, c1);
        1:   97-block  0
call    0 returned 1
       1*:   98:    assert(lista_mod.len == 1);
branch  0 taken 0 (fallthrough)
branch  1 taken 1
    %%%%%:   98-block  0
call    2 never executed
        1:   98-block  1
       1*:   99:    assert(lista_mod.array[0].nr == 250 && lista_mod.array[0].suma == 400 && strcmp(lista_mod.array[0].tip, "apa") == 0);
        1:   99-block  0
branch  0 taken 1 (fallthrough)
branch  1 taken 0
        1:   99-block  1
branch  2 taken 1 (fallthrough)
branch  3 taken 0
        1:   99-block  2
branch  4 taken 0 (fallthrough)
branch  5 taken 1
    %%%%%:   99-block  3
call    6 never executed
        1:   99-block  4
       1*:  100:    assert(srv_modificare(&lista_mod, c2) == 0);
        1:  100-block  0
call    0 returned 1
branch  1 taken 0 (fallthrough)
branch  2 taken 1
    %%%%%:  100-block  1
call    3 never executed
        1:  100-block  2
        1:  101:}
